Connecting to database specified by database.yml
Connecting to database specified by database.yml
  [1m[36m (0.1ms)[0m  [1mselect sqlite_version(*)[0m
  [1m[35m (1.0ms)[0m  CREATE TABLE "schema_migrations" ("version" varchar(255) NOT NULL) 
  [1m[36m (0.9ms)[0m  [1mCREATE UNIQUE INDEX "unique_schema_migrations" ON "schema_migrations" ("version")[0m
  [1m[35m (1.2ms)[0m  SELECT "schema_migrations"."version" FROM "schema_migrations" 
Migrating to CreateUsers (20131223025432)
  [1m[36m (0.0ms)[0m  [1mbegin transaction[0m
  [1m[35m (0.4ms)[0m  CREATE TABLE "users" ("id" INTEGER PRIMARY KEY AUTOINCREMENT NOT NULL, "name" varchar(255), "email" varchar(255), "created_at" datetime NOT NULL, "updated_at" datetime NOT NULL) 
  [1m[36m (0.1ms)[0m  [1mINSERT INTO "schema_migrations" ("version") VALUES ('20131223025432')[0m
  [1m[35m (0.7ms)[0m  commit transaction
  [1m[36m (0.1ms)[0m  [1mSELECT "schema_migrations"."version" FROM "schema_migrations" [0m
Connecting to database specified by database.yml


Started GET "/assets/rails.png" for 127.0.0.1 at 2013-12-22 18:56:56 -0800
Served asset /rails.png - 304 Not Modified (6ms)


Started GET "/assets/rails.png" for 127.0.0.1 at 2013-12-22 18:56:59 -0800
Served asset /rails.png - 304 Not Modified (0ms)


Started GET "/rails/info/properties" for 127.0.0.1 at 2013-12-22 18:58:19 -0800
  [1m[36m (1.1ms)[0m  [1mSELECT "schema_migrations"."version" FROM "schema_migrations" [0m
Processing by Rails::InfoController#properties as */*
  Rendered inline template (1.8ms)
Completed 200 OK in 9ms (Views: 8.9ms | ActiveRecord: 0.0ms)


Started GET "/assets/rails.png" for 127.0.0.1 at 2013-12-22 18:58:41 -0800
Served asset /rails.png - 304 Not Modified (0ms)
Connecting to database specified by database.yml


Started GET "/Users" for 127.0.0.1 at 2013-12-22 19:01:32 -0800

ActionController::RoutingError (No route matches [GET] "/Users"):
  actionpack (3.2.13) lib/action_dispatch/middleware/debug_exceptions.rb:21:in `call'
  actionpack (3.2.13) lib/action_dispatch/middleware/show_exceptions.rb:56:in `call'
  railties (3.2.13) lib/rails/rack/logger.rb:32:in `call_app'
  railties (3.2.13) lib/rails/rack/logger.rb:16:in `block in call'
  activesupport (3.2.13) lib/active_support/tagged_logging.rb:22:in `tagged'
  railties (3.2.13) lib/rails/rack/logger.rb:16:in `call'
  actionpack (3.2.13) lib/action_dispatch/middleware/request_id.rb:22:in `call'
  rack (1.4.5) lib/rack/methodoverride.rb:21:in `call'
  rack (1.4.5) lib/rack/runtime.rb:17:in `call'
  activesupport (3.2.13) lib/active_support/cache/strategy/local_cache.rb:72:in `call'
  rack (1.4.5) lib/rack/lock.rb:15:in `call'
  actionpack (3.2.13) lib/action_dispatch/middleware/static.rb:63:in `call'
  railties (3.2.13) lib/rails/engine.rb:479:in `call'
  railties (3.2.13) lib/rails/application.rb:223:in `call'
  rack (1.4.5) lib/rack/content_length.rb:14:in `call'
  railties (3.2.13) lib/rails/rack/log_tailer.rb:17:in `call'
  rack (1.4.5) lib/rack/handler/webrick.rb:59:in `service'
  /Users/denislowe/.rvm/rubies/ruby-1.9.3-p484/lib/ruby/1.9.1/webrick/httpserver.rb:138:in `service'
  /Users/denislowe/.rvm/rubies/ruby-1.9.3-p484/lib/ruby/1.9.1/webrick/httpserver.rb:94:in `run'
  /Users/denislowe/.rvm/rubies/ruby-1.9.3-p484/lib/ruby/1.9.1/webrick/server.rb:191:in `block in start_thread'


  Rendered /Users/denislowe/.rvm/gems/ruby-1.9.3-p484@rails3tutorial2ndEd/gems/actionpack-3.2.13/lib/action_dispatch/middleware/templates/rescues/routing_error.erb within rescues/layout (2.0ms)


Started GET "/users" for 127.0.0.1 at 2013-12-22 19:01:39 -0800
Processing by UsersController#index as HTML
  [1m[36mUser Load (0.1ms)[0m  [1mSELECT "users".* FROM "users" [0m
  Rendered users/index.html.erb within layouts/application (0.8ms)
Compiled scaffolds.css  (15ms)  (pid 3419)
Compiled users.css  (2ms)  (pid 3419)
Compiled application.css  (33ms)  (pid 3419)
Compiled jquery.js  (2ms)  (pid 3419)
Compiled jquery_ujs.js  (0ms)  (pid 3419)
Compiled users.js  (129ms)  (pid 3419)
Compiled application.js  (168ms)  (pid 3419)
Completed 200 OK in 300ms (Views: 258.5ms | ActiveRecord: 2.2ms)


Started GET "/assets/scaffolds.css?body=1" for 127.0.0.1 at 2013-12-22 19:01:40 -0800
Served asset /scaffolds.css - 200 OK (3ms)


Started GET "/assets/application.css?body=1" for 127.0.0.1 at 2013-12-22 19:01:40 -0800
Served asset /application.css - 200 OK (8ms)


Started GET "/assets/users.css?body=1" for 127.0.0.1 at 2013-12-22 19:01:40 -0800
Served asset /users.css - 200 OK (1ms)


Started GET "/assets/jquery_ujs.js?body=1" for 127.0.0.1 at 2013-12-22 19:01:40 -0800
Served asset /jquery_ujs.js - 200 OK (1ms)


Started GET "/assets/users.js?body=1" for 127.0.0.1 at 2013-12-22 19:01:40 -0800
Served asset /users.js - 200 OK (1ms)


Started GET "/assets/jquery.js?body=1" for 127.0.0.1 at 2013-12-22 19:01:40 -0800
Served asset /jquery.js - 200 OK (2ms)


Started GET "/assets/application.js?body=1" for 127.0.0.1 at 2013-12-22 19:01:40 -0800
Served asset /application.js - 200 OK (4ms)


Started GET "/users/new" for 127.0.0.1 at 2013-12-22 19:02:54 -0800
Processing by UsersController#new as HTML
  Rendered users/_form.html.erb (7.4ms)
  Rendered users/new.html.erb within layouts/application (18.3ms)
Completed 200 OK in 34ms (Views: 29.4ms | ActiveRecord: 0.0ms)


Started GET "/assets/scaffolds.css?body=1" for 127.0.0.1 at 2013-12-22 19:02:54 -0800
Served asset /scaffolds.css - 304 Not Modified (0ms)


Started GET "/assets/users.css?body=1" for 127.0.0.1 at 2013-12-22 19:02:54 -0800
Served asset /users.css - 304 Not Modified (0ms)


Started GET "/assets/users.js?body=1" for 127.0.0.1 at 2013-12-22 19:02:54 -0800
Served asset /users.js - 304 Not Modified (0ms)


Started POST "/users" for 127.0.0.1 at 2013-12-22 19:03:09 -0800
Processing by UsersController#create as HTML
  Parameters: {"utf8"=>"✓", "authenticity_token"=>"pTdIWgCrtQhbpg1E6xxx7cE/dYBK2l5Uh3CzwrNIJBI=", "user"=>{"name"=>"Denis Lowe", "email"=>"denis.lowe@gmail.com"}, "commit"=>"Create User"}
  [1m[35m (0.1ms)[0m  begin transaction
  [1m[36mSQL (30.5ms)[0m  [1mINSERT INTO "users" ("created_at", "email", "name", "updated_at") VALUES (?, ?, ?, ?)[0m  [["created_at", Mon, 23 Dec 2013 03:03:09 UTC +00:00], ["email", "denis.lowe@gmail.com"], ["name", "Denis Lowe"], ["updated_at", Mon, 23 Dec 2013 03:03:09 UTC +00:00]]
  [1m[35m (0.9ms)[0m  commit transaction
Redirected to http://localhost:3000/users/1
Completed 302 Found in 51ms (ActiveRecord: 31.4ms)


Started GET "/users/1" for 127.0.0.1 at 2013-12-22 19:03:09 -0800
Processing by UsersController#show as HTML
  Parameters: {"id"=>"1"}
  [1m[36mUser Load (0.3ms)[0m  [1mSELECT "users".* FROM "users" WHERE "users"."id" = ? LIMIT 1[0m  [["id", "1"]]
  Rendered users/show.html.erb within layouts/application (1.3ms)
Completed 200 OK in 13ms (Views: 11.2ms | ActiveRecord: 0.3ms)


Started GET "/assets/scaffolds.css?body=1" for 127.0.0.1 at 2013-12-22 19:03:09 -0800
Served asset /scaffolds.css - 304 Not Modified (0ms)


Started GET "/assets/users.js?body=1" for 127.0.0.1 at 2013-12-22 19:03:09 -0800
Served asset /users.js - 304 Not Modified (0ms)


Started GET "/assets/users.css?body=1" for 127.0.0.1 at 2013-12-22 19:03:09 -0800
Served asset /users.css - 304 Not Modified (0ms)


Started GET "/users" for 127.0.0.1 at 2013-12-22 19:04:17 -0800
Processing by UsersController#index as HTML
  [1m[35mUser Load (0.2ms)[0m  SELECT "users".* FROM "users" 
  Rendered users/index.html.erb within layouts/application (1.4ms)
Completed 200 OK in 17ms (Views: 15.9ms | ActiveRecord: 0.2ms)


Started GET "/assets/scaffolds.css?body=1" for 127.0.0.1 at 2013-12-22 19:04:17 -0800
Served asset /scaffolds.css - 304 Not Modified (0ms)


Started GET "/assets/users.css?body=1" for 127.0.0.1 at 2013-12-22 19:04:17 -0800
Served asset /users.css - 304 Not Modified (0ms)


Started GET "/assets/users.js?body=1" for 127.0.0.1 at 2013-12-22 19:04:17 -0800
Served asset /users.js - 304 Not Modified (0ms)


Started GET "/users/new" for 127.0.0.1 at 2013-12-22 19:04:19 -0800
Processing by UsersController#new as HTML
  Rendered users/_form.html.erb (2.4ms)
  Rendered users/new.html.erb within layouts/application (3.6ms)
Completed 200 OK in 30ms (Views: 29.7ms | ActiveRecord: 0.0ms)


Started GET "/assets/scaffolds.css?body=1" for 127.0.0.1 at 2013-12-22 19:04:19 -0800
Served asset /scaffolds.css - 304 Not Modified (0ms)


Started GET "/assets/users.css?body=1" for 127.0.0.1 at 2013-12-22 19:04:19 -0800
Served asset /users.css - 304 Not Modified (0ms)


Started GET "/assets/users.js?body=1" for 127.0.0.1 at 2013-12-22 19:04:19 -0800
Served asset /users.js - 304 Not Modified (0ms)


Started POST "/users" for 127.0.0.1 at 2013-12-22 19:04:33 -0800
Processing by UsersController#create as HTML
  Parameters: {"utf8"=>"✓", "authenticity_token"=>"pTdIWgCrtQhbpg1E6xxx7cE/dYBK2l5Uh3CzwrNIJBI=", "user"=>{"name"=>"Foo Bar", "email"=>"foobar@foo.com"}, "commit"=>"Create User"}
  [1m[36m (0.1ms)[0m  [1mbegin transaction[0m
  [1m[35mSQL (0.8ms)[0m  INSERT INTO "users" ("created_at", "email", "name", "updated_at") VALUES (?, ?, ?, ?)  [["created_at", Mon, 23 Dec 2013 03:04:33 UTC +00:00], ["email", "foobar@foo.com"], ["name", "Foo Bar"], ["updated_at", Mon, 23 Dec 2013 03:04:33 UTC +00:00]]
  [1m[36m (1.4ms)[0m  [1mcommit transaction[0m
Redirected to http://localhost:3000/users/2
Completed 302 Found in 9ms (ActiveRecord: 2.3ms)


Started GET "/users/2" for 127.0.0.1 at 2013-12-22 19:04:33 -0800
Processing by UsersController#show as HTML
  Parameters: {"id"=>"2"}
  [1m[35mUser Load (0.1ms)[0m  SELECT "users".* FROM "users" WHERE "users"."id" = ? LIMIT 1  [["id", "2"]]
  Rendered users/show.html.erb within layouts/application (0.7ms)
Completed 200 OK in 17ms (Views: 15.8ms | ActiveRecord: 0.1ms)


Started GET "/assets/scaffolds.css?body=1" for 127.0.0.1 at 2013-12-22 19:04:33 -0800
Served asset /scaffolds.css - 304 Not Modified (0ms)


Started GET "/assets/users.css?body=1" for 127.0.0.1 at 2013-12-22 19:04:33 -0800
Served asset /users.css - 304 Not Modified (0ms)


Started GET "/assets/users.js?body=1" for 127.0.0.1 at 2013-12-22 19:04:33 -0800
Served asset /users.js - 304 Not Modified (0ms)


Started GET "/users" for 127.0.0.1 at 2013-12-22 19:04:37 -0800
Processing by UsersController#index as HTML
  [1m[36mUser Load (0.2ms)[0m  [1mSELECT "users".* FROM "users" [0m
  Rendered users/index.html.erb within layouts/application (3.3ms)
Completed 200 OK in 21ms (Views: 19.3ms | ActiveRecord: 0.2ms)


Started GET "/assets/scaffolds.css?body=1" for 127.0.0.1 at 2013-12-22 19:04:38 -0800
Served asset /scaffolds.css - 304 Not Modified (0ms)


Started GET "/assets/users.css?body=1" for 127.0.0.1 at 2013-12-22 19:04:38 -0800
Served asset /users.css - 304 Not Modified (0ms)


Started GET "/assets/users.js?body=1" for 127.0.0.1 at 2013-12-22 19:04:38 -0800
Served asset /users.js - 304 Not Modified (0ms)


Started DELETE "/users/2" for 127.0.0.1 at 2013-12-22 19:05:06 -0800
Processing by UsersController#destroy as HTML
  Parameters: {"authenticity_token"=>"pTdIWgCrtQhbpg1E6xxx7cE/dYBK2l5Uh3CzwrNIJBI=", "id"=>"2"}
  [1m[35mUser Load (0.1ms)[0m  SELECT "users".* FROM "users" WHERE "users"."id" = ? LIMIT 1  [["id", "2"]]
  [1m[36m (0.1ms)[0m  [1mbegin transaction[0m
  [1m[35mSQL (0.5ms)[0m  DELETE FROM "users" WHERE "users"."id" = ?  [["id", 2]]
  [1m[36m (0.9ms)[0m  [1mcommit transaction[0m
Redirected to http://localhost:3000/users
Completed 302 Found in 5ms (ActiveRecord: 1.7ms)


Started GET "/users" for 127.0.0.1 at 2013-12-22 19:05:06 -0800
Processing by UsersController#index as HTML
  [1m[35mUser Load (0.1ms)[0m  SELECT "users".* FROM "users" 
  Rendered users/index.html.erb within layouts/application (1.9ms)
Completed 200 OK in 20ms (Views: 19.3ms | ActiveRecord: 0.1ms)


Started GET "/assets/scaffolds.css?body=1" for 127.0.0.1 at 2013-12-22 19:05:06 -0800
Served asset /scaffolds.css - 304 Not Modified (0ms)


Started GET "/assets/users.js?body=1" for 127.0.0.1 at 2013-12-22 19:05:06 -0800
Served asset /users.js - 304 Not Modified (0ms)


Started GET "/assets/users.css?body=1" for 127.0.0.1 at 2013-12-22 19:05:06 -0800
Served asset /users.css - 304 Not Modified (0ms)
Connecting to database specified by database.yml
Connecting to database specified by database.yml
Connecting to database specified by database.yml
Connecting to database specified by database.yml
  [1m[36m (1.0ms)[0m  [1mSELECT "schema_migrations"."version" FROM "schema_migrations" [0m
Migrating to CreateUsers (20131223025432)
Migrating to CreateMicroposts (20131223033648)
  [1m[35m (0.0ms)[0m  select sqlite_version(*)
  [1m[36m (0.0ms)[0m  [1mbegin transaction[0m
  [1m[35m (0.1ms)[0m  rollback transaction
Connecting to database specified by database.yml
Connecting to database specified by database.yml
  [1m[36m (1.0ms)[0m  [1mSELECT "schema_migrations"."version" FROM "schema_migrations" [0m
Migrating to CreateUsers (20131223025432)
Migrating to CreateMicroposts (20131223033648)
  [1m[35m (0.0ms)[0m  select sqlite_version(*)
  [1m[36m (0.0ms)[0m  [1mbegin transaction[0m
  [1m[35m (0.1ms)[0m  rollback transaction
Connecting to database specified by database.yml
Connecting to database specified by database.yml
Connecting to database specified by database.yml
Connecting to database specified by database.yml
  [1m[36m (1.0ms)[0m  [1mSELECT "schema_migrations"."version" FROM "schema_migrations" [0m
Migrating to CreateUsers (20131223025432)
Migrating to CreateMicroposts (20131223034009)
  [1m[35m (0.0ms)[0m  select sqlite_version(*)
  [1m[36m (0.0ms)[0m  [1mbegin transaction[0m
  [1m[35m (0.4ms)[0m  CREATE TABLE "microposts" ("id" INTEGER PRIMARY KEY AUTOINCREMENT NOT NULL, "content" varchar(255), "user_id" integer, "created_at" datetime NOT NULL, "updated_at" datetime NOT NULL) 
  [1m[36m (0.1ms)[0m  [1mINSERT INTO "schema_migrations" ("version") VALUES ('20131223034009')[0m
  [1m[35m (7.0ms)[0m  commit transaction
  [1m[36m (0.1ms)[0m  [1mSELECT "schema_migrations"."version" FROM "schema_migrations" [0m
Connecting to database specified by database.yml


Started GET "/users" for 127.0.0.1 at 2013-12-22 19:42:04 -0800
Processing by UsersController#index as HTML
  [1m[36mUser Load (0.1ms)[0m  [1mSELECT "users".* FROM "users" [0m
  Rendered users/index.html.erb within layouts/application (3.7ms)
Compiled microposts.css  (7ms)  (pid 3484)
Compiled application.css  (15ms)  (pid 3484)
Compiled microposts.js  (59ms)  (pid 3484)
Compiled application.js  (70ms)  (pid 3484)
Completed 200 OK in 191ms (Views: 156.4ms | ActiveRecord: 1.5ms)


Started GET "/assets/application.css?body=1" for 127.0.0.1 at 2013-12-22 19:42:04 -0800
Served asset /application.css - 304 Not Modified (6ms)


Started GET "/assets/users.css?body=1" for 127.0.0.1 at 2013-12-22 19:42:04 -0800
Served asset /users.css - 304 Not Modified (2ms)


Started GET "/assets/microposts.css?body=1" for 127.0.0.1 at 2013-12-22 19:42:04 -0800
Served asset /microposts.css - 200 OK (6ms)


Started GET "/assets/microposts.js?body=1" for 127.0.0.1 at 2013-12-22 19:42:04 -0800
Served asset /microposts.js - 200 OK (1ms)


Started GET "/assets/users.js?body=1" for 127.0.0.1 at 2013-12-22 19:42:04 -0800
Served asset /users.js - 304 Not Modified (1ms)


Started GET "/assets/scaffolds.css?body=1" for 127.0.0.1 at 2013-12-22 19:42:04 -0800
Served asset /scaffolds.css - 304 Not Modified (1ms)


Started GET "/assets/application.js?body=1" for 127.0.0.1 at 2013-12-22 19:42:04 -0800
Served asset /application.js - 304 Not Modified (9ms)


Started GET "/users/1" for 127.0.0.1 at 2013-12-22 19:42:06 -0800
Processing by UsersController#show as HTML
  Parameters: {"id"=>"1"}
  [1m[35mUser Load (0.3ms)[0m  SELECT "users".* FROM "users" WHERE "users"."id" = ? LIMIT 1  [["id", "1"]]
  Rendered users/show.html.erb within layouts/application (1.2ms)
Completed 200 OK in 20ms (Views: 17.4ms | ActiveRecord: 0.3ms)


Started GET "/assets/scaffolds.css?body=1" for 127.0.0.1 at 2013-12-22 19:42:06 -0800
Served asset /scaffolds.css - 304 Not Modified (0ms)


Started GET "/assets/application.css?body=1" for 127.0.0.1 at 2013-12-22 19:42:06 -0800
Served asset /application.css - 304 Not Modified (0ms)


Started GET "/assets/users.css?body=1" for 127.0.0.1 at 2013-12-22 19:42:06 -0800
Served asset /users.css - 304 Not Modified (0ms)


Started GET "/assets/application.js?body=1" for 127.0.0.1 at 2013-12-22 19:42:06 -0800
Served asset /application.js - 304 Not Modified (0ms)


Started GET "/assets/users.js?body=1" for 127.0.0.1 at 2013-12-22 19:42:06 -0800
Served asset /users.js - 304 Not Modified (0ms)


Started GET "/micropost" for 127.0.0.1 at 2013-12-22 19:42:20 -0800

ActionController::RoutingError (No route matches [GET] "/micropost"):
  actionpack (3.2.13) lib/action_dispatch/middleware/debug_exceptions.rb:21:in `call'
  actionpack (3.2.13) lib/action_dispatch/middleware/show_exceptions.rb:56:in `call'
  railties (3.2.13) lib/rails/rack/logger.rb:32:in `call_app'
  railties (3.2.13) lib/rails/rack/logger.rb:16:in `block in call'
  activesupport (3.2.13) lib/active_support/tagged_logging.rb:22:in `tagged'
  railties (3.2.13) lib/rails/rack/logger.rb:16:in `call'
  actionpack (3.2.13) lib/action_dispatch/middleware/request_id.rb:22:in `call'
  rack (1.4.5) lib/rack/methodoverride.rb:21:in `call'
  rack (1.4.5) lib/rack/runtime.rb:17:in `call'
  activesupport (3.2.13) lib/active_support/cache/strategy/local_cache.rb:72:in `call'
  rack (1.4.5) lib/rack/lock.rb:15:in `call'
  actionpack (3.2.13) lib/action_dispatch/middleware/static.rb:63:in `call'
  railties (3.2.13) lib/rails/engine.rb:479:in `call'
  railties (3.2.13) lib/rails/application.rb:223:in `call'
  rack (1.4.5) lib/rack/content_length.rb:14:in `call'
  railties (3.2.13) lib/rails/rack/log_tailer.rb:17:in `call'
  rack (1.4.5) lib/rack/handler/webrick.rb:59:in `service'
  /Users/denislowe/.rvm/rubies/ruby-1.9.3-p484/lib/ruby/1.9.1/webrick/httpserver.rb:138:in `service'
  /Users/denislowe/.rvm/rubies/ruby-1.9.3-p484/lib/ruby/1.9.1/webrick/httpserver.rb:94:in `run'
  /Users/denislowe/.rvm/rubies/ruby-1.9.3-p484/lib/ruby/1.9.1/webrick/server.rb:191:in `block in start_thread'


  Rendered /Users/denislowe/.rvm/gems/ruby-1.9.3-p484@rails3tutorial2ndEd/gems/actionpack-3.2.13/lib/action_dispatch/middleware/templates/rescues/routing_error.erb within rescues/layout (0.8ms)


Started GET "/microposts/new" for 127.0.0.1 at 2013-12-22 19:42:34 -0800
Processing by MicropostsController#new as HTML
  Rendered microposts/_form.html.erb (6.1ms)
  Rendered microposts/new.html.erb within layouts/application (9.4ms)
Completed 200 OK in 31ms (Views: 25.4ms | ActiveRecord: 0.3ms)


Started GET "/assets/application.css?body=1" for 127.0.0.1 at 2013-12-22 19:42:34 -0800
Served asset /application.css - 304 Not Modified (0ms)


Started GET "/assets/scaffolds.css?body=1" for 127.0.0.1 at 2013-12-22 19:42:34 -0800
Served asset /scaffolds.css - 304 Not Modified (0ms)


Started GET "/assets/microposts.css?body=1" for 127.0.0.1 at 2013-12-22 19:42:34 -0800
Served asset /microposts.css - 304 Not Modified (0ms)


Started GET "/assets/microposts.js?body=1" for 127.0.0.1 at 2013-12-22 19:42:34 -0800
Served asset /microposts.js - 304 Not Modified (0ms)


Started GET "/assets/users.css?body=1" for 127.0.0.1 at 2013-12-22 19:42:34 -0800
Served asset /users.css - 304 Not Modified (0ms)


Started GET "/assets/users.js?body=1" for 127.0.0.1 at 2013-12-22 19:42:34 -0800
Served asset /users.js - 304 Not Modified (0ms)


Started GET "/assets/application.js?body=1" for 127.0.0.1 at 2013-12-22 19:42:34 -0800
Served asset /application.js - 304 Not Modified (0ms)


Started POST "/microposts" for 127.0.0.1 at 2013-12-22 19:42:51 -0800
Processing by MicropostsController#create as HTML
  Parameters: {"utf8"=>"✓", "authenticity_token"=>"pTdIWgCrtQhbpg1E6xxx7cE/dYBK2l5Uh3CzwrNIJBI=", "micropost"=>{"content"=>"hello world", "user_id"=>"1"}, "commit"=>"Create Micropost"}
  [1m[36m (0.1ms)[0m  [1mbegin transaction[0m
  [1m[35mSQL (30.8ms)[0m  INSERT INTO "microposts" ("content", "created_at", "updated_at", "user_id") VALUES (?, ?, ?, ?)  [["content", "hello world"], ["created_at", Mon, 23 Dec 2013 03:42:51 UTC +00:00], ["updated_at", Mon, 23 Dec 2013 03:42:51 UTC +00:00], ["user_id", 1]]
  [1m[36m (0.8ms)[0m  [1mcommit transaction[0m
Redirected to http://localhost:3000/microposts/1
Completed 302 Found in 38ms (ActiveRecord: 31.7ms)


Started GET "/microposts/1" for 127.0.0.1 at 2013-12-22 19:42:51 -0800
Processing by MicropostsController#show as HTML
  Parameters: {"id"=>"1"}
  [1m[35mMicropost Load (0.4ms)[0m  SELECT "microposts".* FROM "microposts" WHERE "microposts"."id" = ? LIMIT 1  [["id", "1"]]
  Rendered microposts/show.html.erb within layouts/application (1.4ms)
Completed 200 OK in 19ms (Views: 16.0ms | ActiveRecord: 0.4ms)


Started GET "/assets/application.css?body=1" for 127.0.0.1 at 2013-12-22 19:42:52 -0800
Served asset /application.css - 304 Not Modified (0ms)


Started GET "/assets/scaffolds.css?body=1" for 127.0.0.1 at 2013-12-22 19:42:52 -0800
Served asset /scaffolds.css - 304 Not Modified (0ms)


Started GET "/assets/microposts.css?body=1" for 127.0.0.1 at 2013-12-22 19:42:52 -0800
Served asset /microposts.css - 304 Not Modified (0ms)


Started GET "/assets/microposts.js?body=1" for 127.0.0.1 at 2013-12-22 19:42:52 -0800
Served asset /microposts.js - 304 Not Modified (0ms)


Started GET "/assets/users.js?body=1" for 127.0.0.1 at 2013-12-22 19:42:52 -0800
Served asset /users.js - 304 Not Modified (0ms)


Started GET "/assets/users.css?body=1" for 127.0.0.1 at 2013-12-22 19:42:52 -0800
Served asset /users.css - 304 Not Modified (0ms)


Started GET "/assets/application.js?body=1" for 127.0.0.1 at 2013-12-22 19:42:52 -0800
Served asset /application.js - 304 Not Modified (0ms)


Started GET "/microposts" for 127.0.0.1 at 2013-12-22 19:43:16 -0800
Processing by MicropostsController#index as HTML
  [1m[36mMicropost Load (0.1ms)[0m  [1mSELECT "microposts".* FROM "microposts" [0m
  Rendered microposts/index.html.erb within layouts/application (1.7ms)
Completed 200 OK in 33ms (Views: 31.8ms | ActiveRecord: 0.1ms)


Started GET "/assets/application.css?body=1" for 127.0.0.1 at 2013-12-22 19:43:16 -0800
Served asset /application.css - 304 Not Modified (0ms)


Started GET "/assets/microposts.js?body=1" for 127.0.0.1 at 2013-12-22 19:43:16 -0800
Served asset /microposts.js - 304 Not Modified (0ms)


Started GET "/assets/scaffolds.css?body=1" for 127.0.0.1 at 2013-12-22 19:43:16 -0800
Served asset /scaffolds.css - 304 Not Modified (0ms)


Started GET "/assets/microposts.css?body=1" for 127.0.0.1 at 2013-12-22 19:43:16 -0800
Served asset /microposts.css - 304 Not Modified (0ms)


Started GET "/assets/users.css?body=1" for 127.0.0.1 at 2013-12-22 19:43:16 -0800
Served asset /users.css - 304 Not Modified (0ms)


Started GET "/assets/users.js?body=1" for 127.0.0.1 at 2013-12-22 19:43:16 -0800
Served asset /users.js - 304 Not Modified (0ms)


Started GET "/assets/application.js?body=1" for 127.0.0.1 at 2013-12-22 19:43:16 -0800
Served asset /application.js - 304 Not Modified (0ms)
Connecting to database specified by database.yml


Started GET "/microposts/new" for 127.0.0.1 at 2013-12-23 11:23:33 -0800

SyntaxError (/Users/denislowe/Development/rails/rails-projects/demo_app/app/models/micropost.rb:3: syntax error, unexpected tASSOC, expecting ')'
  validates :content, :length => ( :maximum => 140 )
                                              ^):
  app/controllers/microposts_controller.rb:1:in `<top (required)>'


  Rendered /Users/denislowe/.rvm/gems/ruby-1.9.3-p484@rails3tutorial2ndEd/gems/actionpack-3.2.13/lib/action_dispatch/middleware/templates/rescues/_trace.erb (28.3ms)
  Rendered /Users/denislowe/.rvm/gems/ruby-1.9.3-p484@rails3tutorial2ndEd/gems/actionpack-3.2.13/lib/action_dispatch/middleware/templates/rescues/_request_and_response.erb (3.3ms)
  Rendered /Users/denislowe/.rvm/gems/ruby-1.9.3-p484@rails3tutorial2ndEd/gems/actionpack-3.2.13/lib/action_dispatch/middleware/templates/rescues/diagnostics.erb within rescues/layout (45.0ms)


Started GET "/microposts/new" for 127.0.0.1 at 2013-12-23 11:24:13 -0800
Processing by MicropostsController#new as HTML
  Rendered microposts/_form.html.erb (24.5ms)
  Rendered microposts/new.html.erb within layouts/application (29.2ms)
Completed 200 OK in 101ms (Views: 68.2ms | ActiveRecord: 2.1ms)


Started GET "/assets/application.css?body=1" for 127.0.0.1 at 2013-12-23 11:24:13 -0800
Served asset /application.css - 304 Not Modified (8ms)


Started GET "/assets/microposts.css?body=1" for 127.0.0.1 at 2013-12-23 11:24:13 -0800
Served asset /microposts.css - 304 Not Modified (1ms)


Started GET "/assets/scaffolds.css?body=1" for 127.0.0.1 at 2013-12-23 11:24:13 -0800
Served asset /scaffolds.css - 304 Not Modified (2ms)


Started GET "/assets/users.css?body=1" for 127.0.0.1 at 2013-12-23 11:24:13 -0800
Served asset /users.css - 304 Not Modified (2ms)


Started GET "/assets/jquery.js?body=1" for 127.0.0.1 at 2013-12-23 11:24:13 -0800
Served asset /jquery.js - 304 Not Modified (6ms)


Started GET "/assets/jquery_ujs.js?body=1" for 127.0.0.1 at 2013-12-23 11:24:13 -0800
Served asset /jquery_ujs.js - 304 Not Modified (4ms)


Started GET "/assets/microposts.js?body=1" for 127.0.0.1 at 2013-12-23 11:24:13 -0800
Served asset /microposts.js - 304 Not Modified (1ms)


Started GET "/assets/application.js?body=1" for 127.0.0.1 at 2013-12-23 11:24:13 -0800
Served asset /application.js - 304 Not Modified (27ms)


Started GET "/assets/users.js?body=1" for 127.0.0.1 at 2013-12-23 11:24:13 -0800
Served asset /users.js - 304 Not Modified (1ms)


Started POST "/microposts" for 127.0.0.1 at 2013-12-23 11:24:42 -0800
Processing by MicropostsController#create as HTML
  Parameters: {"utf8"=>"✓", "authenticity_token"=>"pTdIWgCrtQhbpg1E6xxx7cE/dYBK2l5Uh3CzwrNIJBI=", "micropost"=>{"content"=>"hellow world this is a post that is longer than 140 characters this post shluld generate an error message from rails", "user_id"=>"1"}, "commit"=>"Create Micropost"}
  [1m[36m (0.2ms)[0m  [1mbegin transaction[0m
  [1m[35mSQL (9.5ms)[0m  INSERT INTO "microposts" ("content", "created_at", "updated_at", "user_id") VALUES (?, ?, ?, ?)  [["content", "hellow world this is a post that is longer than 140 characters this post shluld generate an error message from rails"], ["created_at", Mon, 23 Dec 2013 19:24:42 UTC +00:00], ["updated_at", Mon, 23 Dec 2013 19:24:42 UTC +00:00], ["user_id", 1]]
  [1m[36m (0.8ms)[0m  [1mcommit transaction[0m
Redirected to http://localhost:3000/microposts/2
Completed 302 Found in 17ms (ActiveRecord: 10.5ms)


Started GET "/microposts/2" for 127.0.0.1 at 2013-12-23 11:24:42 -0800
Processing by MicropostsController#show as HTML
  Parameters: {"id"=>"2"}
  [1m[35mMicropost Load (0.3ms)[0m  SELECT "microposts".* FROM "microposts" WHERE "microposts"."id" = ? LIMIT 1  [["id", "2"]]
  Rendered microposts/show.html.erb within layouts/application (1.7ms)
Completed 200 OK in 25ms (Views: 22.0ms | ActiveRecord: 0.3ms)


Started GET "/assets/application.css?body=1" for 127.0.0.1 at 2013-12-23 11:24:42 -0800
Served asset /application.css - 304 Not Modified (0ms)


Started GET "/assets/microposts.css?body=1" for 127.0.0.1 at 2013-12-23 11:24:42 -0800
Served asset /microposts.css - 304 Not Modified (0ms)


Started GET "/assets/jquery.js?body=1" for 127.0.0.1 at 2013-12-23 11:24:42 -0800
Served asset /jquery.js - 304 Not Modified (0ms)


Started GET "/assets/microposts.js?body=1" for 127.0.0.1 at 2013-12-23 11:24:42 -0800
Served asset /microposts.js - 304 Not Modified (0ms)


Started GET "/assets/jquery_ujs.js?body=1" for 127.0.0.1 at 2013-12-23 11:24:42 -0800
Served asset /jquery_ujs.js - 304 Not Modified (0ms)


Started GET "/assets/users.css?body=1" for 127.0.0.1 at 2013-12-23 11:24:42 -0800
Served asset /users.css - 304 Not Modified (0ms)


Started GET "/assets/scaffolds.css?body=1" for 127.0.0.1 at 2013-12-23 11:24:42 -0800
Served asset /scaffolds.css - 304 Not Modified (0ms)


Started GET "/assets/users.js?body=1" for 127.0.0.1 at 2013-12-23 11:24:42 -0800
Served asset /users.js - 304 Not Modified (0ms)


Started GET "/assets/application.js?body=1" for 127.0.0.1 at 2013-12-23 11:24:42 -0800
Served asset /application.js - 304 Not Modified (0ms)


Started GET "/microposts" for 127.0.0.1 at 2013-12-23 11:24:53 -0800
Processing by MicropostsController#index as HTML
  [1m[36mMicropost Load (0.2ms)[0m  [1mSELECT "microposts".* FROM "microposts" [0m
  Rendered microposts/index.html.erb within layouts/application (2.3ms)
Completed 200 OK in 27ms (Views: 25.3ms | ActiveRecord: 0.2ms)


Started GET "/assets/application.css?body=1" for 127.0.0.1 at 2013-12-23 11:24:53 -0800
Served asset /application.css - 304 Not Modified (0ms)


Started GET "/assets/users.css?body=1" for 127.0.0.1 at 2013-12-23 11:24:53 -0800
Served asset /users.css - 304 Not Modified (0ms)


Started GET "/assets/microposts.css?body=1" for 127.0.0.1 at 2013-12-23 11:24:53 -0800
Served asset /microposts.css - 304 Not Modified (0ms)


Started GET "/assets/scaffolds.css?body=1" for 127.0.0.1 at 2013-12-23 11:24:53 -0800
Served asset /scaffolds.css - 304 Not Modified (0ms)


Started GET "/assets/jquery.js?body=1" for 127.0.0.1 at 2013-12-23 11:24:53 -0800
Served asset /jquery.js - 304 Not Modified (0ms)


Started GET "/assets/jquery_ujs.js?body=1" for 127.0.0.1 at 2013-12-23 11:24:53 -0800
Served asset /jquery_ujs.js - 304 Not Modified (0ms)


Started GET "/assets/microposts.js?body=1" for 127.0.0.1 at 2013-12-23 11:24:53 -0800
Served asset /microposts.js - 304 Not Modified (0ms)


Started GET "/assets/users.js?body=1" for 127.0.0.1 at 2013-12-23 11:24:53 -0800
Served asset /users.js - 304 Not Modified (0ms)


Started GET "/assets/application.js?body=1" for 127.0.0.1 at 2013-12-23 11:24:53 -0800
Served asset /application.js - 304 Not Modified (0ms)


Started GET "/microposts/new" for 127.0.0.1 at 2013-12-23 11:24:58 -0800
Processing by MicropostsController#new as HTML
  Rendered microposts/_form.html.erb (1.6ms)
  Rendered microposts/new.html.erb within layouts/application (2.3ms)
Completed 200 OK in 32ms (Views: 31.9ms | ActiveRecord: 0.0ms)


Started GET "/assets/jquery_ujs.js?body=1" for 127.0.0.1 at 2013-12-23 11:24:58 -0800
Served asset /jquery_ujs.js - 304 Not Modified (0ms)


Started GET "/assets/users.css?body=1" for 127.0.0.1 at 2013-12-23 11:24:58 -0800
Served asset /users.css - 304 Not Modified (0ms)


Started GET "/assets/scaffolds.css?body=1" for 127.0.0.1 at 2013-12-23 11:24:58 -0800
Served asset /scaffolds.css - 304 Not Modified (0ms)


Started GET "/assets/application.css?body=1" for 127.0.0.1 at 2013-12-23 11:24:58 -0800
Served asset /application.css - 304 Not Modified (0ms)


Started GET "/assets/microposts.css?body=1" for 127.0.0.1 at 2013-12-23 11:24:58 -0800
Served asset /microposts.css - 304 Not Modified (0ms)


Started GET "/assets/jquery.js?body=1" for 127.0.0.1 at 2013-12-23 11:24:58 -0800
Served asset /jquery.js - 304 Not Modified (0ms)


Started GET "/assets/microposts.js?body=1" for 127.0.0.1 at 2013-12-23 11:24:58 -0800
Served asset /microposts.js - 304 Not Modified (0ms)


Started GET "/assets/application.js?body=1" for 127.0.0.1 at 2013-12-23 11:24:58 -0800
Served asset /application.js - 304 Not Modified (0ms)


Started GET "/assets/users.js?body=1" for 127.0.0.1 at 2013-12-23 11:24:58 -0800
Served asset /users.js - 304 Not Modified (0ms)


Started POST "/microposts" for 127.0.0.1 at 2013-12-23 11:25:24 -0800
Processing by MicropostsController#create as HTML
  Parameters: {"utf8"=>"✓", "authenticity_token"=>"pTdIWgCrtQhbpg1E6xxx7cE/dYBK2l5Uh3CzwrNIJBI=", "micropost"=>{"content"=>"aaaaaaaaaaaaaaaaaaaaaaaaaaaaaaaaaaaaaaaaaaaaaaaaaaaaaaaaaaaaaaaaaaaaaaaaaaaaaaaaaaaaaaaaaaaaaaaaaaaaaaaaaaaaaaaaaaaaaaaaaaaaaaaaaaaaaaaaaaaaaaaaaaaaaaaaaaaaaaaaaaaaaaaaaaaaaaaaaaaaaaaaaaaaaaaaaaaaaaaaaaaaaaaaaaaaaaaaaaaaaaaaaaaaaaaaaaaaaaaaaaaaaaaaaaaaaaaaaaaadfsdsdf", "user_id"=>"1"}, "commit"=>"Create Micropost"}
  [1m[35m (0.1ms)[0m  begin transaction
  [1m[36m (0.1ms)[0m  [1mrollback transaction[0m
  Rendered microposts/_form.html.erb (2.3ms)
  Rendered microposts/new.html.erb within layouts/application (3.1ms)
Completed 200 OK in 45ms (Views: 42.4ms | ActiveRecord: 0.1ms)


Started GET "/assets/application.css?body=1" for 127.0.0.1 at 2013-12-23 11:25:24 -0800
Served asset /application.css - 304 Not Modified (0ms)


Started GET "/assets/users.css?body=1" for 127.0.0.1 at 2013-12-23 11:25:24 -0800
Served asset /users.css - 304 Not Modified (0ms)


Started GET "/assets/scaffolds.css?body=1" for 127.0.0.1 at 2013-12-23 11:25:24 -0800
Served asset /scaffolds.css - 304 Not Modified (0ms)


Started GET "/assets/jquery_ujs.js?body=1" for 127.0.0.1 at 2013-12-23 11:25:24 -0800
Served asset /jquery_ujs.js - 304 Not Modified (0ms)


Started GET "/assets/microposts.css?body=1" for 127.0.0.1 at 2013-12-23 11:25:24 -0800
Served asset /microposts.css - 304 Not Modified (0ms)


Started GET "/assets/jquery.js?body=1" for 127.0.0.1 at 2013-12-23 11:25:24 -0800
Served asset /jquery.js - 304 Not Modified (1ms)


Started GET "/assets/microposts.js?body=1" for 127.0.0.1 at 2013-12-23 11:25:24 -0800
Served asset /microposts.js - 304 Not Modified (0ms)


Started GET "/assets/users.js?body=1" for 127.0.0.1 at 2013-12-23 11:25:24 -0800
Served asset /users.js - 304 Not Modified (0ms)


Started GET "/assets/application.js?body=1" for 127.0.0.1 at 2013-12-23 11:25:24 -0800
Served asset /application.js - 304 Not Modified (0ms)
Connecting to database specified by database.yml
Connecting to database specified by database.yml
Connecting to database specified by database.yml
Connecting to database specified by database.yml
